<?xml version="1.0" encoding="utf-8"?>
<!DOCTYPE hibernate-configuration PUBLIC
        "-//Hibernate/Hibernate Configuration DTD 3.0//EN"
        "http://hibernate.sourceforge.net/hibernate-configuration-3.0.dtd">

<hibernate-configuration>
    <session-factory>

        <mapping resource="IdentifierSource.hbm.xml"/>

        <mapping resource="ExportedPackage.hbm.xml"/>
        <mapping resource="ImportedPackage.hbm.xml"/>
        <mapping resource="ImportedItem.hbm.xml"/>
        <mapping resource="ImportedPackage.hbm.xml" />
        <mapping resource="ReportDesign.hbm.xml" />

        <mapping resource="Appointment.hbm.xml" />
        <mapping resource="AppointmentBlock.hbm.xml" />
        <mapping resource="AppointmentType.hbm.xml" />
        <mapping resource="TimeSlot.hbm.xml" />

        <mapping resource="PaperRecord.hbm.xml"/>
        <mapping resource="PaperRecordRequest.hbm.xml"/>
        <mapping resource="PaperRecordMergeRequest.hbm.xml"/>

        <mapping resource="RadiologyOrder.hbm.xml"/>
        <mapping resource="HtmlFormEntryHtmlForm.hbm.xml"/>

        <mapping resource="Provider.hbm.xml"/>
        <mapping resource="ProviderRole.hbm.xml"/>

        <mapping resource="AddressHierarchyEntry.hbm.xml"/>
        <mapping resource="AddressHierarchyLevel.hbm.xml"/>
        <mapping resource="AddressToEntryMap.hbm.xml"/>


    </session-factory>
</hibernate-configuration>


